e:\users\finlay\documents\programming\applications\ninja kiwi\breakout\x64\debug\colour_ps.cso
e:\users\finlay\documents\programming\applications\ninja kiwi\breakout\x64\debug\colour_vs.cso
e:\users\finlay\documents\programming\applications\ninja kiwi\breakout\x64\debug\texture_ps.cso
e:\users\finlay\documents\programming\applications\ninja kiwi\breakout\x64\debug\texture_vs.cso
e:\users\finlay\documents\programming\applications\ninja kiwi\breakout\breakout\x64\debug\vc140.pdb
e:\users\finlay\documents\programming\applications\ninja kiwi\breakout\breakout\x64\debug\vc140.idb
e:\users\finlay\documents\programming\applications\ninja kiwi\breakout\breakout\x64\debug\file.obj
e:\users\finlay\documents\programming\applications\ninja kiwi\breakout\breakout\x64\debug\gameobject.obj
e:\users\finlay\documents\programming\applications\ninja kiwi\breakout\breakout\x64\debug\input.obj
e:\users\finlay\documents\programming\applications\ninja kiwi\breakout\breakout\x64\debug\light.obj
e:\users\finlay\documents\programming\applications\ninja kiwi\breakout\breakout\x64\debug\main.obj
e:\users\finlay\documents\programming\applications\ninja kiwi\breakout\breakout\x64\debug\model.obj
e:\users\finlay\documents\programming\applications\ninja kiwi\breakout\breakout\x64\debug\orthomesh.obj
e:\users\finlay\documents\programming\applications\ninja kiwi\breakout\breakout\x64\debug\paddle.obj
e:\users\finlay\documents\programming\applications\ninja kiwi\breakout\breakout\x64\debug\planemesh.obj
e:\users\finlay\documents\programming\applications\ninja kiwi\breakout\breakout\x64\debug\pointmesh.obj
e:\users\finlay\documents\programming\applications\ninja kiwi\breakout\breakout\x64\debug\quadmesh.obj
e:\users\finlay\documents\programming\applications\ninja kiwi\breakout\breakout\x64\debug\rendertexture.obj
e:\users\finlay\documents\programming\applications\ninja kiwi\breakout\breakout\x64\debug\spheremesh.obj
e:\users\finlay\documents\programming\applications\ninja kiwi\breakout\breakout\x64\debug\system.obj
e:\users\finlay\documents\programming\applications\ninja kiwi\breakout\breakout\x64\debug\tessellationmesh.obj
e:\users\finlay\documents\programming\applications\ninja kiwi\breakout\breakout\x64\debug\texture.obj
e:\users\finlay\documents\programming\applications\ninja kiwi\breakout\breakout\x64\debug\textureshader.obj
e:\users\finlay\documents\programming\applications\ninja kiwi\breakout\breakout\x64\debug\timer.obj
e:\users\finlay\documents\programming\applications\ninja kiwi\breakout\breakout\x64\debug\tokenstream.obj
e:\users\finlay\documents\programming\applications\ninja kiwi\breakout\breakout\x64\debug\trianglemesh.obj
e:\users\finlay\documents\programming\applications\ninja kiwi\breakout\breakout\x64\debug\aabb.obj
e:\users\finlay\documents\programming\applications\ninja kiwi\breakout\breakout\x64\debug\ball.obj
e:\users\finlay\documents\programming\applications\ninja kiwi\breakout\breakout\x64\debug\baseapplication.obj
e:\users\finlay\documents\programming\applications\ninja kiwi\breakout\breakout\x64\debug\basemesh.obj
e:\users\finlay\documents\programming\applications\ninja kiwi\breakout\breakout\x64\debug\baseshader.obj
e:\users\finlay\documents\programming\applications\ninja kiwi\breakout\breakout\x64\debug\brick.obj
e:\users\finlay\documents\programming\applications\ninja kiwi\breakout\breakout\x64\debug\camera.obj
e:\users\finlay\documents\programming\applications\ninja kiwi\breakout\breakout\x64\debug\breakoutapp.obj
e:\users\finlay\documents\programming\applications\ninja kiwi\breakout\breakout\x64\debug\colourshader.obj
e:\users\finlay\documents\programming\applications\ninja kiwi\breakout\breakout\x64\debug\d3d.obj
e:\users\finlay\documents\programming\applications\ninja kiwi\breakout\x64\debug\breakout.ilk
e:\users\finlay\documents\programming\applications\ninja kiwi\breakout\x64\debug\breakout.exe
e:\users\finlay\documents\programming\applications\ninja kiwi\breakout\x64\debug\breakout.pdb
e:\users\finlay\documents\programming\applications\ninja kiwi\breakout\breakout\x64\debug\breakout.tlog\breakout.write.1u.tlog
e:\users\finlay\documents\programming\applications\ninja kiwi\breakout\breakout\x64\debug\breakout.tlog\cl.command.1.tlog
e:\users\finlay\documents\programming\applications\ninja kiwi\breakout\breakout\x64\debug\breakout.tlog\cl.read.1.tlog
e:\users\finlay\documents\programming\applications\ninja kiwi\breakout\breakout\x64\debug\breakout.tlog\cl.write.1.tlog
e:\users\finlay\documents\programming\applications\ninja kiwi\breakout\breakout\x64\debug\breakout.tlog\link.command.1.tlog
e:\users\finlay\documents\programming\applications\ninja kiwi\breakout\breakout\x64\debug\breakout.tlog\link.read.1.tlog
e:\users\finlay\documents\programming\applications\ninja kiwi\breakout\breakout\x64\debug\breakout.tlog\link.write.1.tlog
